<?xml version="1.0" encoding="utf-8"?><testsuites name="pytest tests"><testsuite name="pytest" errors="0" failures="0" skipped="0" tests="10" time="9.376" timestamp="2026-04-03T05:02:53.328653+00:00" hostname="agent-env-14ef6add-28a2-4bfe-92cc-16734993df70"><testcase classname="backend.tests.test_dfab_api.TestHealthAndRoot" name="test_api_root" time="0.231" /><testcase classname="backend.tests.test_dfab_api.TestContact" name="test_submit_contact" time="0.157" /><testcase classname="backend.tests.test_dfab_api.TestContact" name="test_contact_invalid_email" time="0.102" /><testcase classname="backend.tests.test_dfab_api.TestBlog" name="test_get_blog_posts" time="0.102" /><testcase classname="backend.tests.test_dfab_api.TestBlog" name="test_get_nonexistent_post" time="0.156" /><testcase classname="backend.tests.test_dfab_api.TestAdmin" name="test_admin_login_success" time="0.105" /><testcase classname="backend.tests.test_dfab_api.TestAdmin" name="test_admin_login_wrong_password" time="0.140" /><testcase classname="backend.tests.test_dfab_api.TestAdmin" name="test_admin_get_posts_no_auth" time="0.138" /><testcase classname="backend.tests.test_dfab_api.TestAdmin" name="test_admin_full_crud" time="0.656" /><testcase classname="backend.tests.test_dfab_api.TestChat" name="test_chat_endpoint" time="7.442" /></testsuite></testsuites>